::1 - - [29/Jun/2018:00:35:37 +0800] "GET / HTTP/1.1" 200 40964
::1 - - [29/Jun/2018:00:35:38 +0800] "GET /apachehaus.ico HTTP/1.1" 200 4286
::1 - - [29/Jun/2018:00:45:03 +0800] "-" 408 -
::1 - - [29/Jun/2018:00:45:03 +0800] "-" 408 -
::1 - - [29/Jun/2018:00:53:09 +0800] "GET /hello HTTP/1.1" 500 530
::1 - - [29/Jun/2018:00:54:44 +0800] "GET /hello HTTP/1.1" 500 530
::1 - - [29/Jun/2018:00:58:02 +0800] "GET /hello HTTP/1.1" 200 12
::1 - - [29/Jun/2018:00:58:39 +0800] "POST /predictbyfilename HTTP/1.1" 404 233
::1 - - [29/Jun/2018:00:58:59 +0800] "GET /predictbyfilename HTTP/1.1" 404 233
::1 - - [29/Jun/2018:00:59:31 +0800] "GET /hello HTTP/1.1" 200 12
::1 - - [29/Jun/2018:00:59:35 +0800] "GET /hello HTTP/1.1" 200 12
::1 - - [29/Jun/2018:00:59:35 +0800] "GET /favicon.ico HTTP/1.1" 404 233
::1 - - [29/Jun/2018:00:59:36 +0800] "GET /hello HTTP/1.1" 200 12
::1 - - [29/Jun/2018:00:59:36 +0800] "GET /hello HTTP/1.1" 200 12
::1 - - [29/Jun/2018:00:59:38 +0800] "GET /predictbyfilename HTTP/1.1" 404 233
::1 - - [29/Jun/2018:00:59:39 +0800] "GET /predictbyfilename HTTP/1.1" 404 233
::1 - - [29/Jun/2018:01:02:22 +0800] "GET /hello HTTP/1.1" 200 12
::1 - - [29/Jun/2018:01:03:03 +0800] "POST /predictbyfilename HTTP/1.1" 404 233
::1 - - [29/Jun/2018:01:04:41 +0800] "GET /hello HTTP/1.1" 200 12
::1 - - [29/Jun/2018:01:06:36 +0800] "GET /hello HTTP/1.1" 200 12
::1 - - [29/Jun/2018:01:07:36 +0800] "-" 408 -
::1 - - [29/Jun/2018:01:07:47 +0800] "POST /predictbyfilename HTTP/1.1" 404 233
::1 - - [29/Jun/2018:01:07:50 +0800] "POST /predictbyfilename HTTP/1.1" 404 233
::1 - - [29/Jun/2018:01:09:40 +0800] "GET / HTTP/1.1" 200 4
::1 - - [29/Jun/2018:01:09:48 +0800] "GET /hello HTTP/1.1" 200 12
::1 - - [29/Jun/2018:01:09:58 +0800] "GET /hello HTTP/1.1" 200 12
::1 - - [29/Jun/2018:01:09:58 +0800] "POST /predictbyfilename HTTP/1.1" 404 233
::1 - - [29/Jun/2018:01:10:48 +0800] "-" 408 -
::1 - - [29/Jun/2018:01:11:12 +0800] "GET /hello HTTP/1.1" 200 12
::1 - - [29/Jun/2018:01:11:35 +0800] "GET /predictbyfilename HTTP/1.1" 405 178
::1 - - [29/Jun/2018:01:11:39 +0800] "GET /hello HTTP/1.1" 200 12
::1 - - [29/Jun/2018:01:11:39 +0800] "POST /predictbyfilename HTTP/1.1" 200 135
::1 - - [29/Jun/2018:01:12:35 +0800] "-" 408 -
::1 - - [29/Jun/2018:01:13:55 +0800] "GET /hello HTTP/1.1" 200 12
::1 - - [29/Jun/2018:01:13:55 +0800] "POST /predictbyfilename HTTP/1.1" 200 89
::1 - - [29/Jun/2018:01:14:47 +0800] "GET / HTTP/1.1" 200 4
::1 - - [29/Jun/2018:01:14:50 +0800] "GET / HTTP/1.1" 200 4
::1 - - [29/Jun/2018:01:14:53 +0800] "GET /hello HTTP/1.1" 200 12
::1 - - [29/Jun/2018:01:15:00 +0800] "GET /PREDICTBYFILENAME HTTP/1.1" 404 233
::1 - - [29/Jun/2018:01:16:14 +0800] "GET /hello HTTP/1.1" 200 12
::1 - - [29/Jun/2018:01:16:31 +0800] "GET /hello HTTP/1.1" 200 12
::1 - - [29/Jun/2018:01:17:33 +0800] "GET / HTTP/1.1" 200 4
::1 - - [29/Jun/2018:01:17:35 +0800] "GET /hello HTTP/1.1" 200 12
::1 - - [29/Jun/2018:01:17:36 +0800] "GET /PREDICTBYFILENAME HTTP/1.1" 404 233
::1 - - [29/Jun/2018:01:17:45 +0800] "GET /hello HTTP/1.1" 200 12
::1 - - [29/Jun/2018:01:17:45 +0800] "POST /predictbyfilename HTTP/1.1" 200 89
::1 - - [29/Jun/2018:01:18:31 +0800] "-" 408 -
::1 - - [29/Jun/2018:01:18:40 +0800] "GET /hello HTTP/1.1" 200 12
::1 - - [29/Jun/2018:01:20:47 +0800] "GET /hello HTTP/1.1" 200 12
::1 - - [29/Jun/2018:01:20:58 +0800] "GET /hello HTTP/1.1" 200 12
::1 - - [29/Jun/2018:01:21:34 +0800] "GET /hello HTTP/1.1" 200 12
::1 - - [29/Jun/2018:01:21:34 +0800] "POST /predictbyfilename HTTP/1.1" 200 89
::1 - - [29/Jun/2018:01:23:42 +0800] "GET /PREDICTBYFILENAME HTTP/1.1" 404 233
::1 - - [29/Jun/2018:01:23:45 +0800] "GET /hello HTTP/1.1" 200 12
::1 - - [29/Jun/2018:01:23:47 +0800] "GET / HTTP/1.1" 200 4
::1 - - [29/Jun/2018:01:23:53 +0800] "GET / HTTP/1.1" 200 4
::1 - - [29/Jun/2018:01:23:59 +0800] "GET /PREDICTBYFILENAME HTTP/1.1" 404 233
::1 - - [29/Jun/2018:01:24:01 +0800] "GET /PREDICTBYFILENAME HTTP/1.1" 404 233
::1 - - [29/Jun/2018:01:24:24 +0800] "GET /predictbyfilename HTTP/1.1" 405 178
::1 - - [29/Jun/2018:01:24:32 +0800] "GET /hello HTTP/1.1" 200 12
::1 - - [29/Jun/2018:01:24:32 +0800] "POST /predictbyfilename HTTP/1.1" 200 89
::1 - - [29/Jun/2018:01:25:00 +0800] "GET /hello HTTP/1.1" 200 12
::1 - - [29/Jun/2018:01:25:24 +0800] "-" 408 -
::1 - - [29/Jun/2018:01:27:27 +0800] "GET /hello HTTP/1.1" 200 12
::1 - - [29/Jun/2018:01:27:52 +0800] "GET /hello HTTP/1.1" 200 12
::1 - - [29/Jun/2018:01:27:52 +0800] "POST /predictbyfilename HTTP/1.1" 200 45
::1 - - [29/Jun/2018:01:29:35 +0800] "GET /hello HTTP/1.1" 200 12
::1 - - [29/Jun/2018:01:29:50 +0800] "GET /hello HTTP/1.1" 200 12
::1 - - [29/Jun/2018:01:29:49 +0800] "POST /predictbyfilename HTTP/1.1" 200 115
::1 - - [29/Jun/2018:01:29:53 +0800] "GET / HTTP/1.1" 200 4
::1 - - [29/Jun/2018:01:30:02 +0800] "GET /hello HTTP/1.1" 200 12
::1 - - [29/Jun/2018:01:30:02 +0800] "POST /predictbyfilename HTTP/1.1" 200 115
::1 - - [29/Jun/2018:01:36:50 +0800] "GET / HTTP/1.1" 200 5
::1 - - [29/Jun/2018:01:41:35 +0800] "GET / HTTP/1.1" 200 5
::1 - - [29/Jun/2018:01:41:50 +0800] "GET /favicon.ico HTTP/1.1" 404 233
::1 - - [29/Jun/2018:01:42:30 +0800] "GET /hello HTTP/1.1" 200 12
::1 - - [29/Jun/2018:01:42:30 +0800] "POST /predictbyfilename HTTP/1.1" 200 111
::1 - - [29/Jun/2018:01:45:01 +0800] "GET / HTTP/1.1" 200 5
::1 - - [29/Jun/2018:01:45:11 +0800] "GET / HTTP/1.1" 200 5
::1 - - [29/Jun/2018:01:45:06 +0800] "GET /hello HTTP/1.1" 200 12
::1 - - [29/Jun/2018:01:45:17 +0800] "GET /hello HTTP/1.1" 200 12
::1 - - [29/Jun/2018:01:45:26 +0800] "GET /predictbyfilename HTTP/1.1" 405 178
::1 - - [29/Jun/2018:01:45:31 +0800] "GET /hello HTTP/1.1" 200 12
::1 - - [29/Jun/2018:01:45:31 +0800] "POST /predictbyfilename HTTP/1.1" 200 85
::1 - - [29/Jun/2018:01:45:35 +0800] "GET /hello HTTP/1.1" 200 12
::1 - - [29/Jun/2018:01:45:35 +0800] "POST /predictbyfilename HTTP/1.1" 200 85
::1 - - [29/Jun/2018:01:45:42 +0800] "GET /hello HTTP/1.1" 200 12
::1 - - [29/Jun/2018:01:45:42 +0800] "POST /predictbyfilename HTTP/1.1" 200 85
::1 - - [29/Jun/2018:01:46:26 +0800] "-" 408 -
::1 - - [29/Jun/2018:01:46:13 +0800] "GET /hello HTTP/1.1" 200 12
::1 - - [29/Jun/2018:01:46:27 +0800] "POST /predictbyfilename HTTP/1.1" 200 111
::1 - - [29/Jun/2018:01:49:09 +0800] "GET /hello HTTP/1.1" 200 12
::1 - - [29/Jun/2018:01:49:23 +0800] "POST /predictbyfilename HTTP/1.1" 200 111
::1 - - [29/Jun/2018:01:49:34 +0800] "GET /hello HTTP/1.1" 200 12
::1 - - [29/Jun/2018:01:49:34 +0800] "POST /predictbyfilename HTTP/1.1" 200 111
::1 - - [29/Jun/2018:01:51:33 +0800] "GET /hello HTTP/1.1" 200 12
::1 - - [29/Jun/2018:01:51:33 +0800] "POST /predictbyfilename HTTP/1.1" 200 111
::1 - - [29/Jun/2018:01:53:46 +0800] "GET /hello HTTP/1.1" 200 12
::1 - - [29/Jun/2018:01:54:01 +0800] "POST /predictbyfilename HTTP/1.1" 200 111
::1 - - [29/Jun/2018:01:55:00 +0800] "GET /hello HTTP/1.1" 200 12
::1 - - [29/Jun/2018:01:55:00 +0800] "POST /predictbyfilename HTTP/1.1" 200 111
::1 - - [29/Jun/2018:02:18:39 +0800] "GET / HTTP/1.1" 200 5
::1 - - [29/Jun/2018:02:19:03 +0800] "GET / HTTP/1.1" 200 5
::1 - - [29/Jun/2018:02:18:43 +0800] "GET / HTTP/1.1" 200 5
::1 - - [29/Jun/2018:02:19:10 +0800] "GET / HTTP/1.1" 200 5
::1 - - [29/Jun/2018:02:19:35 +0800] "GET /favicon.ico HTTP/1.1" 404 233
::1 - - [29/Jun/2018:02:24:12 +0800] "GET /hello HTTP/1.1" 200 12
::1 - - [29/Jun/2018:02:24:12 +0800] "POST /predictbyfilename HTTP/1.1" 200 85
::1 - - [29/Jun/2018:02:24:15 +0800] "GET /hello HTTP/1.1" 200 12
::1 - - [29/Jun/2018:02:24:15 +0800] "POST /predictbyfilename HTTP/1.1" 200 85
::1 - - [29/Jun/2018:02:24:57 +0800] "GET /hello HTTP/1.1" 200 12
::1 - - [29/Jun/2018:02:25:11 +0800] "POST /predictbyfilename HTTP/1.1" 200 111
::1 - - [02/Jul/2018:14:47:39 +0800] "GET / HTTP/1.1" 200 5
::1 - - [02/Jul/2018:14:47:43 +0800] "GET / HTTP/1.1" 200 5
::1 - - [02/Jul/2018:14:48:27 +0800] "GET /favicon.ico HTTP/1.1" 404 233
::1 - - [02/Jul/2018:14:48:54 +0800] "GET /hello HTTP/1.1" 200 12
::1 - - [02/Jul/2018:14:48:54 +0800] "POST /predictbyfilename HTTP/1.1" 200 85
::1 - - [02/Jul/2018:14:49:54 +0800] "GET / HTTP/1.1" 200 5
::1 - - [02/Jul/2018:14:50:10 +0800] "GET / HTTP/1.1" 200 5
::1 - - [02/Jul/2018:14:50:34 +0800] "GET / HTTP/1.1" 200 5
::1 - - [02/Jul/2018:14:50:39 +0800] "GET /hello HTTP/1.1" 200 12
::1 - - [02/Jul/2018:14:51:36 +0800] "GET /hello HTTP/1.1" 200 12
::1 - - [02/Jul/2018:14:51:36 +0800] "POST /predictbyfilename HTTP/1.1" 200 111
::1 - - [02/Jul/2018:14:51:41 +0800] "GET /hello HTTP/1.1" 200 12
::1 - - [02/Jul/2018:14:51:41 +0800] "POST /predictbyfilename HTTP/1.1" 200 111
::1 - - [02/Jul/2018:14:52:06 +0800] "GET /hello HTTP/1.1" 200 12
::1 - - [02/Jul/2018:14:52:06 +0800] "POST /predictbyfilename HTTP/1.1" 200 111
::1 - - [02/Jul/2018:14:52:07 +0800] "GET /hello HTTP/1.1" 200 12
::1 - - [02/Jul/2018:14:52:07 +0800] "POST /predictbyfilename HTTP/1.1" 200 111
::1 - - [02/Jul/2018:14:52:09 +0800] "GET /hello HTTP/1.1" 200 12
::1 - - [02/Jul/2018:14:52:09 +0800] "POST /predictbyfilename HTTP/1.1" 200 111
::1 - - [02/Jul/2018:14:52:10 +0800] "GET /hello HTTP/1.1" 200 12
::1 - - [02/Jul/2018:14:52:10 +0800] "POST /predictbyfilename HTTP/1.1" 200 111
::1 - - [02/Jul/2018:14:52:10 +0800] "GET /hello HTTP/1.1" 200 12
::1 - - [02/Jul/2018:14:52:10 +0800] "POST /predictbyfilename HTTP/1.1" 200 111
::1 - - [02/Jul/2018:14:52:11 +0800] "GET /hello HTTP/1.1" 200 12
::1 - - [02/Jul/2018:14:52:11 +0800] "POST /predictbyfilename HTTP/1.1" 200 111
::1 - - [02/Jul/2018:14:52:12 +0800] "GET /hello HTTP/1.1" 200 12
::1 - - [02/Jul/2018:14:52:12 +0800] "POST /predictbyfilename HTTP/1.1" 200 111
::1 - - [02/Jul/2018:14:52:13 +0800] "GET /hello HTTP/1.1" 200 12
::1 - - [02/Jul/2018:14:52:13 +0800] "POST /predictbyfilename HTTP/1.1" 200 111
::1 - - [02/Jul/2018:14:52:14 +0800] "GET /hello HTTP/1.1" 200 12
::1 - - [02/Jul/2018:14:52:14 +0800] "POST /predictbyfilename HTTP/1.1" 200 111
::1 - - [02/Jul/2018:14:52:15 +0800] "GET /hello HTTP/1.1" 200 12
::1 - - [02/Jul/2018:14:52:15 +0800] "POST /predictbyfilename HTTP/1.1" 200 111
::1 - - [02/Jul/2018:14:52:16 +0800] "GET /hello HTTP/1.1" 200 12
::1 - - [02/Jul/2018:14:52:16 +0800] "POST /predictbyfilename HTTP/1.1" 200 111
::1 - - [02/Jul/2018:14:52:17 +0800] "GET /hello HTTP/1.1" 200 12
::1 - - [02/Jul/2018:14:52:17 +0800] "POST /predictbyfilename HTTP/1.1" 200 111
::1 - - [02/Jul/2018:14:52:18 +0800] "GET /hello HTTP/1.1" 200 12
::1 - - [02/Jul/2018:14:52:18 +0800] "POST /predictbyfilename HTTP/1.1" 200 111
::1 - - [02/Jul/2018:14:52:21 +0800] "GET /hello HTTP/1.1" 200 12
::1 - - [02/Jul/2018:14:52:21 +0800] "POST /predictbyfilename HTTP/1.1" 200 111
::1 - - [02/Jul/2018:14:52:22 +0800] "GET /hello HTTP/1.1" 200 12
::1 - - [02/Jul/2018:14:52:22 +0800] "POST /predictbyfilename HTTP/1.1" 200 111
::1 - - [02/Jul/2018:14:52:23 +0800] "GET /hello HTTP/1.1" 200 12
::1 - - [02/Jul/2018:14:52:23 +0800] "POST /predictbyfilename HTTP/1.1" 200 111
::1 - - [02/Jul/2018:14:52:24 +0800] "GET /hello HTTP/1.1" 200 12
::1 - - [02/Jul/2018:14:52:24 +0800] "POST /predictbyfilename HTTP/1.1" 200 111
::1 - - [02/Jul/2018:14:52:25 +0800] "GET /hello HTTP/1.1" 200 12
::1 - - [02/Jul/2018:14:52:25 +0800] "POST /predictbyfilename HTTP/1.1" 200 111
::1 - - [02/Jul/2018:14:52:26 +0800] "GET /hello HTTP/1.1" 200 12
::1 - - [02/Jul/2018:14:52:26 +0800] "POST /predictbyfilename HTTP/1.1" 200 111
::1 - - [02/Jul/2018:14:52:27 +0800] "GET /hello HTTP/1.1" 200 12
::1 - - [02/Jul/2018:14:52:27 +0800] "POST /predictbyfilename HTTP/1.1" 200 111
::1 - - [02/Jul/2018:14:52:28 +0800] "GET /hello HTTP/1.1" 200 12
::1 - - [02/Jul/2018:14:52:28 +0800] "POST /predictbyfilename HTTP/1.1" 200 111
::1 - - [02/Jul/2018:14:52:28 +0800] "GET /hello HTTP/1.1" 200 12
::1 - - [02/Jul/2018:14:52:28 +0800] "POST /predictbyfilename HTTP/1.1" 200 111
::1 - - [02/Jul/2018:14:52:29 +0800] "GET /hello HTTP/1.1" 200 12
::1 - - [02/Jul/2018:14:52:29 +0800] "POST /predictbyfilename HTTP/1.1" 200 111
::1 - - [02/Jul/2018:14:52:30 +0800] "GET /hello HTTP/1.1" 200 12
::1 - - [02/Jul/2018:14:52:30 +0800] "POST /predictbyfilename HTTP/1.1" 200 111
::1 - - [02/Jul/2018:14:52:31 +0800] "GET /hello HTTP/1.1" 200 12
::1 - - [02/Jul/2018:14:52:31 +0800] "POST /predictbyfilename HTTP/1.1" 200 111
::1 - - [02/Jul/2018:14:52:32 +0800] "GET /hello HTTP/1.1" 200 12
::1 - - [02/Jul/2018:14:52:32 +0800] "POST /predictbyfilename HTTP/1.1" 200 111
::1 - - [02/Jul/2018:14:52:33 +0800] "GET /hello HTTP/1.1" 200 12
::1 - - [02/Jul/2018:14:52:33 +0800] "POST /predictbyfilename HTTP/1.1" 200 111
::1 - - [02/Jul/2018:14:52:34 +0800] "GET /hello HTTP/1.1" 200 12
::1 - - [02/Jul/2018:14:52:34 +0800] "POST /predictbyfilename HTTP/1.1" 200 111
::1 - - [02/Jul/2018:14:52:35 +0800] "GET /hello HTTP/1.1" 200 12
::1 - - [02/Jul/2018:14:52:35 +0800] "POST /predictbyfilename HTTP/1.1" 200 111
::1 - - [02/Jul/2018:14:52:35 +0800] "GET /hello HTTP/1.1" 200 12
::1 - - [02/Jul/2018:14:52:35 +0800] "POST /predictbyfilename HTTP/1.1" 200 111
::1 - - [02/Jul/2018:14:52:36 +0800] "GET /hello HTTP/1.1" 200 12
::1 - - [02/Jul/2018:14:52:36 +0800] "POST /predictbyfilename HTTP/1.1" 200 111
::1 - - [02/Jul/2018:14:52:37 +0800] "GET /hello HTTP/1.1" 200 12
::1 - - [02/Jul/2018:14:52:37 +0800] "POST /predictbyfilename HTTP/1.1" 200 111
::1 - - [02/Jul/2018:14:52:38 +0800] "GET /hello HTTP/1.1" 200 12
::1 - - [02/Jul/2018:14:52:38 +0800] "POST /predictbyfilename HTTP/1.1" 200 111
::1 - - [02/Jul/2018:14:52:39 +0800] "GET /hello HTTP/1.1" 200 12
::1 - - [02/Jul/2018:14:52:39 +0800] "POST /predictbyfilename HTTP/1.1" 200 111
::1 - - [02/Jul/2018:14:57:19 +0800] "GET /hello HTTP/1.1" 200 12
::1 - - [02/Jul/2018:14:57:25 +0800] "GET / HTTP/1.1" 200 5
::1 - - [02/Jul/2018:15:03:25 +0800] "GET /hello HTTP/1.1" 200 12
::1 - - [02/Jul/2018:15:06:16 +0800] "GET /hello HTTP/1.1" 200 12
::1 - - [02/Jul/2018:15:08:08 +0800] "GET / HTTP/1.1" 200 25
::1 - - [02/Jul/2018:15:08:12 +0800] "GET / HTTP/1.1" 200 25
::1 - - [02/Jul/2018:15:08:18 +0800] "GET /predictbyfilename HTTP/1.1" 405 178
::1 - - [02/Jul/2018:15:08:38 +0800] "GET / HTTP/1.1" 200 25
::1 - - [02/Jul/2018:15:08:44 +0800] "GET /hello HTTP/1.1" 200 12
::1 - - [02/Jul/2018:15:08:44 +0800] "POST /predictbyfilename HTTP/1.1" 200 111
::1 - - [02/Jul/2018:15:09:32 +0800] "GET /hello HTTP/1.1" 200 12
::1 - - [02/Jul/2018:15:09:32 +0800] "POST /predictbyfilename HTTP/1.1" 200 111
